<?xml version="1.0" encoding="UTF-8"?>
<!-- Generated by org.testng.reporters.JUnitXMLReporter -->
<testsuite ignored="0" hostname="EC2AMAZ-S11DBRH" failures="0" tests="4" name="Default test" time="26.5" errors="0" timestamp="2024-04-30T08:21:36 GMT">
  <testcase classname="projScripts.DemoBlazeTest" name="validLogin" time="6.192"/>
  <testcase classname="projScripts.DemoBlazeTest" name="validLogin" time="6.336"/>
  <testcase classname="projScripts.DemoBlazeTest" name="validLogin" time="6.168"/>
  <testcase classname="projScripts.DemoBlazeTest" name="validateCart" time="0.902"/>
</testsuite> <!-- Default test -->
