<?xml version="1.0" encoding="UTF-8"?>
<testng-results ignored="0" total="4" passed="4" failed="0" skipped="0">
  <reporter-output>
  </reporter-output>
  <suite started-at="2024-04-30T08:21:10 GMT" name="Default suite" finished-at="2024-04-30T08:21:36 GMT" duration-ms="26500">
    <groups>
    </groups>
    <test started-at="2024-04-30T08:21:10 GMT" name="Default test" finished-at="2024-04-30T08:21:36 GMT" duration-ms="26500">
      <class name="projScripts.DemoBlazeTest">
        <test-method is-config="true" signature="initSetup()[pri:0, instance:projScripts.DemoBlazeTest@3d1cfad4]" started-at="2024-04-30T08:21:10 GMT" name="initSetup" finished-at="2024-04-30T08:21:16 GMT" duration-ms="6822" status="PASS">
          <reporter-output>
          </reporter-output>
        </test-method> <!-- initSetup -->
        <test-method signature="validLogin(java.lang.String)[pri:0, instance:projScripts.DemoBlazeTest@3d1cfad4]" started-at="2024-04-30T08:21:16 GMT" name="validLogin" data-provider="Products" finished-at="2024-04-30T08:21:23 GMT" duration-ms="6192" status="PASS">
          <params>
            <param index="0">
              <value>
                <![CDATA[Samsung galaxy s6]]>
              </value>
            </param>
          </params>
          <reporter-output>
          </reporter-output>
        </test-method> <!-- validLogin -->
        <test-method signature="validLogin(java.lang.String)[pri:0, instance:projScripts.DemoBlazeTest@3d1cfad4]" started-at="2024-04-30T08:21:23 GMT" name="validLogin" data-provider="Products" finished-at="2024-04-30T08:21:29 GMT" duration-ms="6336" status="PASS">
          <params>
            <param index="0">
              <value>
                <![CDATA[Nexus 6]]>
              </value>
            </param>
          </params>
          <reporter-output>
          </reporter-output>
        </test-method> <!-- validLogin -->
        <test-method signature="validLogin(java.lang.String)[pri:0, instance:projScripts.DemoBlazeTest@3d1cfad4]" started-at="2024-04-30T08:21:29 GMT" name="validLogin" data-provider="Products" finished-at="2024-04-30T08:21:35 GMT" duration-ms="6168" status="PASS">
          <params>
            <param index="0">
              <value>
                <![CDATA[Sony xperia z5]]>
              </value>
            </param>
          </params>
          <reporter-output>
          </reporter-output>
        </test-method> <!-- validLogin -->
        <test-method signature="validateCart()[pri:0, instance:projScripts.DemoBlazeTest@3d1cfad4]" started-at="2024-04-30T08:21:35 GMT" name="validateCart" finished-at="2024-04-30T08:21:36 GMT" duration-ms="902" status="PASS">
          <reporter-output>
          </reporter-output>
        </test-method> <!-- validateCart -->
      </class> <!-- projScripts.DemoBlazeTest -->
    </test> <!-- Default test -->
  </suite> <!-- Default suite -->
</testng-results>
